<?xml version="1.0" encoding="UTF-8"?>
<!-- Generated by org.testng.reporters.JUnitReportReporter -->
<testsuite skipped="0" hostname="DESKTOP-1D1H5F9" name="TestRunner.TestRunner" tests="1" failures="0" timestamp="29 Jan 2019 13:31:48 GMT" time="29.769" errors="0">
  <testcase name="feature" time="29.769" classname="TestRunner.TestRunner"/>
</testsuite> <!-- TestRunner.TestRunner -->
